<?xml version="1.0" encoding="UTF-8"?>
<!-- Generated by org.testng.reporters.JUnitReportReporter -->
<testsuite hostname="Prathesh" failures="0" tests="1" name="com.scripts.Tscripts" time="16.429" errors="0" timestamp="2023-04-11T15:00:22 IST" skipped="0">
  <testcase classname="com.scripts.Tscripts" name="exe" time="16.429"/>
  <system-out/>
</testsuite> <!-- com.scripts.Tscripts -->
